This file contains any messages produced by compilers while
running configure, to aid debugging if configure makes a mistake.

It was created by GP configure 1.0, which was
generated by GNU Autoconf 2.67.  Invocation command line was

  $ ./configure 

## --------- ##
## Platform. ##
## --------- ##

hostname = research-2.ece.iastate.edu
uname -m = x86_64
uname -r = 2.6.32-5-amd64
uname -s = Linux
uname -v = #1 SMP Mon Sep 23 22:14:43 UTC 2013

/usr/bin/uname -p = unknown
/bin/uname -X     = unknown

/bin/arch              = unknown
/usr/bin/arch -k       = unknown
/usr/convex/getsysinfo = unknown
/usr/bin/hostinfo      = unknown
/bin/machine           = unknown
/usr/bin/oslevel       = unknown
/bin/universe          = unknown

PATH: /usr/local/bin
PATH: /usr/bin
PATH: /bin
PATH: /usr/local/games
PATH: /usr/games


## ----------- ##
## Core tests. ##
## ----------- ##

configure:2099: checking for a BSD-compatible install
configure:2167: result: /usr/bin/install -c
configure:2178: checking whether build environment is sane
configure:2228: result: yes
configure:2369: checking for a thread-safe mkdir -p
configure:2408: result: /bin/mkdir -p
configure:2421: checking for gawk
configure:2437: found /usr/bin/gawk
configure:2448: result: gawk
configure:2459: checking whether make sets $(MAKE)
configure:2481: result: yes
configure:2627: checking for g++
configure:2643: found /usr/bin/g++
configure:2654: result: g++
configure:2681: checking for C++ compiler version
configure:2690: g++ --version >&5
g++ (Debian 4.4.5-8) 4.4.5
Copyright (C) 2010 Free Software Foundation, Inc.
This is free software; see the source for copying conditions.  There is NO
warranty; not even for MERCHANTABILITY or FITNESS FOR A PARTICULAR PURPOSE.

configure:2701: $? = 0
configure:2690: g++ -v >&5
Using built-in specs.
Target: x86_64-linux-gnu
Configured with: ../src/configure -v --with-pkgversion='Debian 4.4.5-8' --with-bugurl=file:///usr/share/doc/gcc-4.4/README.Bugs --enable-languages=c,c++,fortran,objc,obj-c++ --prefix=/usr --program-suffix=-4.4 --enable-shared --enable-multiarch --enable-linker-build-id --with-system-zlib --libexecdir=/usr/lib --without-included-gettext --enable-threads=posix --with-gxx-include-dir=/usr/include/c++/4.4 --libdir=/usr/lib --enable-nls --enable-clocale=gnu --enable-libstdcxx-debug --enable-objc-gc --with-arch-32=i586 --with-tune=generic --enable-checking=release --build=x86_64-linux-gnu --host=x86_64-linux-gnu --target=x86_64-linux-gnu
Thread model: posix
gcc version 4.4.5 (Debian 4.4.5-8) 
configure:2701: $? = 0
configure:2690: g++ -V >&5
g++: '-V' option must have argument
configure:2701: $? = 1
configure:2690: g++ -qversion >&5
g++: unrecognized option '-qversion'
g++: no input files
configure:2701: $? = 1
configure:2721: checking whether the C++ compiler works
configure:2743: g++    conftest.cpp  >&5
configure:2747: $? = 0
configure:2795: result: yes
configure:2798: checking for C++ compiler default output file name
configure:2800: result: a.out
configure:2806: checking for suffix of executables
configure:2813: g++ -o conftest    conftest.cpp  >&5
configure:2817: $? = 0
configure:2839: result: 
configure:2861: checking whether we are cross compiling
configure:2869: g++ -o conftest    conftest.cpp  >&5
configure:2873: $? = 0
configure:2880: ./conftest
configure:2884: $? = 0
configure:2899: result: no
configure:2904: checking for suffix of object files
configure:2926: g++ -c   conftest.cpp >&5
configure:2930: $? = 0
configure:2951: result: o
configure:2955: checking whether we are using the GNU C++ compiler
configure:2974: g++ -c   conftest.cpp >&5
configure:2974: $? = 0
configure:2983: result: yes
configure:2992: checking whether g++ accepts -g
configure:3012: g++ -c -g  conftest.cpp >&5
configure:3012: $? = 0
configure:3053: result: yes
configure:3087: checking for style of include used by make
configure:3115: result: GNU
configure:3140: checking dependency style of g++
configure:3250: result: gcc3
configure:3315: checking for gcc
configure:3331: found /usr/bin/gcc
configure:3342: result: gcc
configure:3571: checking for C compiler version
configure:3580: gcc --version >&5
gcc (Debian 4.4.5-8) 4.4.5
Copyright (C) 2010 Free Software Foundation, Inc.
This is free software; see the source for copying conditions.  There is NO
warranty; not even for MERCHANTABILITY or FITNESS FOR A PARTICULAR PURPOSE.

configure:3591: $? = 0
configure:3580: gcc -v >&5
Using built-in specs.
Target: x86_64-linux-gnu
Configured with: ../src/configure -v --with-pkgversion='Debian 4.4.5-8' --with-bugurl=file:///usr/share/doc/gcc-4.4/README.Bugs --enable-languages=c,c++,fortran,objc,obj-c++ --prefix=/usr --program-suffix=-4.4 --enable-shared --enable-multiarch --enable-linker-build-id --with-system-zlib --libexecdir=/usr/lib --without-included-gettext --enable-threads=posix --with-gxx-include-dir=/usr/include/c++/4.4 --libdir=/usr/lib --enable-nls --enable-clocale=gnu --enable-libstdcxx-debug --enable-objc-gc --with-arch-32=i586 --with-tune=generic --enable-checking=release --build=x86_64-linux-gnu --host=x86_64-linux-gnu --target=x86_64-linux-gnu
Thread model: posix
gcc version 4.4.5 (Debian 4.4.5-8) 
configure:3591: $? = 0
configure:3580: gcc -V >&5
gcc: '-V' option must have argument
configure:3591: $? = 1
configure:3580: gcc -qversion >&5
gcc: unrecognized option '-qversion'
gcc: no input files
configure:3591: $? = 1
configure:3595: checking whether we are using the GNU C compiler
configure:3614: gcc -c   conftest.c >&5
configure:3614: $? = 0
configure:3623: result: yes
configure:3632: checking whether gcc accepts -g
configure:3652: gcc -c -g  conftest.c >&5
configure:3652: $? = 0
configure:3693: result: yes
configure:3710: checking for gcc option to accept ISO C89
configure:3774: gcc  -c -g -O2  conftest.c >&5
configure:3774: $? = 0
configure:3787: result: none needed
configure:3809: checking dependency style of gcc
configure:3919: result: gcc3
configure:3943: checking for gcc option to support OpenMP
configure:3958: gcc -o conftest -g -O2   conftest.c  >&5
conftest.c:13: error: expected '=', ',', ';', 'asm' or '__attribute__' before 'me'
In file included from conftest.c:15:
/usr/lib/gcc/x86_64-linux-gnu/4.4.5/include/omp.h:76: error: expected ')' before '*' token
/usr/lib/gcc/x86_64-linux-gnu/4.4.5/include/omp.h:77: error: expected ')' before '*' token
/usr/lib/gcc/x86_64-linux-gnu/4.4.5/include/omp.h:78: error: expected ')' before '*' token
/usr/lib/gcc/x86_64-linux-gnu/4.4.5/include/omp.h:79: error: expected ')' before '*' token
/usr/lib/gcc/x86_64-linux-gnu/4.4.5/include/omp.h:80: error: expected ')' before '*' token
configure:3958: $? = 1
configure: failed program was:
| /* confdefs.h */
| #define PACKAGE_NAME "GP"
| #define PACKAGE_TARNAME "gp"
| #define PACKAGE_VERSION "1.0"
| #define PACKAGE_STRING "GP 1.0"
| #define PACKAGE_BUGREPORT "lintao87@gmail.com"
| #define PACKAGE_URL ""
| #define PACKAGE "gp"
| #define VERSION "1.0"
| /* end confdefs.h.  */
| 
| #ifndef _OPENMP
|  choke me
| #endif
| #include <omp.h>
| int main () { return omp_get_num_threads (); }
| 
configure:3975: gcc -o conftest -g -O2 -fopenmp   conftest.c  >&5
configure:3975: $? = 0
configure:3989: result: -fopenmp
configure:4017: checking how to run the C preprocessor
configure:4048: gcc -E  conftest.c
configure:4048: $? = 0
configure:4062: gcc -E  conftest.c
conftest.c:11:28: error: ac_nonexistent.h: No such file or directory
configure:4062: $? = 1
configure: failed program was:
| /* confdefs.h */
| #define PACKAGE_NAME "GP"
| #define PACKAGE_TARNAME "gp"
| #define PACKAGE_VERSION "1.0"
| #define PACKAGE_STRING "GP 1.0"
| #define PACKAGE_BUGREPORT "lintao87@gmail.com"
| #define PACKAGE_URL ""
| #define PACKAGE "gp"
| #define VERSION "1.0"
| /* end confdefs.h.  */
| #include <ac_nonexistent.h>
configure:4087: result: gcc -E
configure:4107: gcc -E  conftest.c
configure:4107: $? = 0
configure:4121: gcc -E  conftest.c
conftest.c:11:28: error: ac_nonexistent.h: No such file or directory
configure:4121: $? = 1
configure: failed program was:
| /* confdefs.h */
| #define PACKAGE_NAME "GP"
| #define PACKAGE_TARNAME "gp"
| #define PACKAGE_VERSION "1.0"
| #define PACKAGE_STRING "GP 1.0"
| #define PACKAGE_BUGREPORT "lintao87@gmail.com"
| #define PACKAGE_URL ""
| #define PACKAGE "gp"
| #define VERSION "1.0"
| /* end confdefs.h.  */
| #include <ac_nonexistent.h>
configure:4150: checking for grep that handles long lines and -e
configure:4208: result: /bin/grep
configure:4213: checking for egrep
configure:4275: result: /bin/grep -E
configure:4280: checking for ANSI C header files
configure:4300: gcc -c -g -O2  conftest.c >&5
configure:4300: $? = 0
configure:4373: gcc -o conftest -g -O2   conftest.c  >&5
configure:4373: $? = 0
configure:4373: ./conftest
configure:4373: $? = 0
configure:4384: result: yes
configure:4400: checking for sys/types.h
configure:4400: gcc -c -g -O2  conftest.c >&5
configure:4400: $? = 0
configure:4400: result: yes
configure:4400: checking for sys/stat.h
configure:4400: gcc -c -g -O2  conftest.c >&5
configure:4400: $? = 0
configure:4400: result: yes
configure:4400: checking for stdlib.h
configure:4400: gcc -c -g -O2  conftest.c >&5
configure:4400: $? = 0
configure:4400: result: yes
configure:4400: checking for string.h
configure:4400: gcc -c -g -O2  conftest.c >&5
configure:4400: $? = 0
configure:4400: result: yes
configure:4400: checking for memory.h
configure:4400: gcc -c -g -O2  conftest.c >&5
configure:4400: $? = 0
configure:4400: result: yes
configure:4400: checking for strings.h
configure:4400: gcc -c -g -O2  conftest.c >&5
configure:4400: $? = 0
configure:4400: result: yes
configure:4400: checking for inttypes.h
configure:4400: gcc -c -g -O2  conftest.c >&5
configure:4400: $? = 0
configure:4400: result: yes
configure:4400: checking for stdint.h
configure:4400: gcc -c -g -O2  conftest.c >&5
configure:4400: $? = 0
configure:4400: result: yes
configure:4400: checking for unistd.h
configure:4400: gcc -c -g -O2  conftest.c >&5
configure:4400: $? = 0
configure:4400: result: yes
configure:4412: checking for stdbool.h that conforms to C99
configure:4497: gcc -c -g -O2  conftest.c >&5
configure:4497: $? = 0
configure:4504: result: yes
configure:4506: checking for _Bool
configure:4506: gcc -c -g -O2  conftest.c >&5
configure:4506: $? = 0
configure:4506: gcc -c -g -O2  conftest.c >&5
conftest.c: In function 'main':
conftest.c:57: error: expected expression before ')' token
configure:4506: $? = 1
configure: failed program was:
| /* confdefs.h */
| #define PACKAGE_NAME "GP"
| #define PACKAGE_TARNAME "gp"
| #define PACKAGE_VERSION "1.0"
| #define PACKAGE_STRING "GP 1.0"
| #define PACKAGE_BUGREPORT "lintao87@gmail.com"
| #define PACKAGE_URL ""
| #define PACKAGE "gp"
| #define VERSION "1.0"
| #define STDC_HEADERS 1
| #define HAVE_SYS_TYPES_H 1
| #define HAVE_SYS_STAT_H 1
| #define HAVE_STDLIB_H 1
| #define HAVE_STRING_H 1
| #define HAVE_MEMORY_H 1
| #define HAVE_STRINGS_H 1
| #define HAVE_INTTYPES_H 1
| #define HAVE_STDINT_H 1
| #define HAVE_UNISTD_H 1
| /* end confdefs.h.  */
| #include <stdio.h>
| #ifdef HAVE_SYS_TYPES_H
| # include <sys/types.h>
| #endif
| #ifdef HAVE_SYS_STAT_H
| # include <sys/stat.h>
| #endif
| #ifdef STDC_HEADERS
| # include <stdlib.h>
| # include <stddef.h>
| #else
| # ifdef HAVE_STDLIB_H
| #  include <stdlib.h>
| # endif
| #endif
| #ifdef HAVE_STRING_H
| # if !defined STDC_HEADERS && defined HAVE_MEMORY_H
| #  include <memory.h>
| # endif
| # include <string.h>
| #endif
| #ifdef HAVE_STRINGS_H
| # include <strings.h>
| #endif
| #ifdef HAVE_INTTYPES_H
| # include <inttypes.h>
| #endif
| #ifdef HAVE_STDINT_H
| # include <stdint.h>
| #endif
| #ifdef HAVE_UNISTD_H
| # include <unistd.h>
| #endif
| int
| main ()
| {
| if (sizeof ((_Bool)))
| 	    return 0;
|   ;
|   return 0;
| }
configure:4506: result: yes
configure:4522: checking for size_t
configure:4522: gcc -c -g -O2  conftest.c >&5
configure:4522: $? = 0
configure:4522: gcc -c -g -O2  conftest.c >&5
conftest.c: In function 'main':
conftest.c:59: error: expected expression before ')' token
configure:4522: $? = 1
configure: failed program was:
| /* confdefs.h */
| #define PACKAGE_NAME "GP"
| #define PACKAGE_TARNAME "gp"
| #define PACKAGE_VERSION "1.0"
| #define PACKAGE_STRING "GP 1.0"
| #define PACKAGE_BUGREPORT "lintao87@gmail.com"
| #define PACKAGE_URL ""
| #define PACKAGE "gp"
| #define VERSION "1.0"
| #define STDC_HEADERS 1
| #define HAVE_SYS_TYPES_H 1
| #define HAVE_SYS_STAT_H 1
| #define HAVE_STDLIB_H 1
| #define HAVE_STRING_H 1
| #define HAVE_MEMORY_H 1
| #define HAVE_STRINGS_H 1
| #define HAVE_INTTYPES_H 1
| #define HAVE_STDINT_H 1
| #define HAVE_UNISTD_H 1
| #define HAVE__BOOL 1
| #define HAVE_STDBOOL_H 1
| /* end confdefs.h.  */
| #include <stdio.h>
| #ifdef HAVE_SYS_TYPES_H
| # include <sys/types.h>
| #endif
| #ifdef HAVE_SYS_STAT_H
| # include <sys/stat.h>
| #endif
| #ifdef STDC_HEADERS
| # include <stdlib.h>
| # include <stddef.h>
| #else
| # ifdef HAVE_STDLIB_H
| #  include <stdlib.h>
| # endif
| #endif
| #ifdef HAVE_STRING_H
| # if !defined STDC_HEADERS && defined HAVE_MEMORY_H
| #  include <memory.h>
| # endif
| # include <string.h>
| #endif
| #ifdef HAVE_STRINGS_H
| # include <strings.h>
| #endif
| #ifdef HAVE_INTTYPES_H
| # include <inttypes.h>
| #endif
| #ifdef HAVE_STDINT_H
| # include <stdint.h>
| #endif
| #ifdef HAVE_UNISTD_H
| # include <unistd.h>
| #endif
| int
| main ()
| {
| if (sizeof ((size_t)))
| 	    return 0;
|   ;
|   return 0;
| }
configure:4522: result: yes
configure:4659: creating ./config.status

## ---------------------- ##
## Running config.status. ##
## ---------------------- ##

This file was extended by GP config.status 1.0, which was
generated by GNU Autoconf 2.67.  Invocation command line was

  CONFIG_FILES    = 
  CONFIG_HEADERS  = 
  CONFIG_LINKS    = 
  CONFIG_COMMANDS = 
  $ ./config.status 

on research-2.ece.iastate.edu

config.status:866: creating Makefile
config.status:866: creating src/Makefile
config.status:866: creating config.h
config.status:1046: config.h is unchanged
config.status:1094: executing depfiles commands

## ---------------- ##
## Cache variables. ##
## ---------------- ##

ac_cv_c_compiler_gnu=yes
ac_cv_cxx_compiler_gnu=yes
ac_cv_env_CCC_set=
ac_cv_env_CCC_value=
ac_cv_env_CC_set=
ac_cv_env_CC_value=
ac_cv_env_CFLAGS_set=
ac_cv_env_CFLAGS_value=
ac_cv_env_CPPFLAGS_set=
ac_cv_env_CPPFLAGS_value=
ac_cv_env_CPP_set=
ac_cv_env_CPP_value=
ac_cv_env_CXXFLAGS_set=
ac_cv_env_CXXFLAGS_value=
ac_cv_env_CXX_set=
ac_cv_env_CXX_value=
ac_cv_env_LDFLAGS_set=
ac_cv_env_LDFLAGS_value=
ac_cv_env_LIBS_set=
ac_cv_env_LIBS_value=
ac_cv_env_build_alias_set=
ac_cv_env_build_alias_value=
ac_cv_env_host_alias_set=
ac_cv_env_host_alias_value=
ac_cv_env_target_alias_set=
ac_cv_env_target_alias_value=
ac_cv_header_inttypes_h=yes
ac_cv_header_memory_h=yes
ac_cv_header_stdbool_h=yes
ac_cv_header_stdc=yes
ac_cv_header_stdint_h=yes
ac_cv_header_stdlib_h=yes
ac_cv_header_string_h=yes
ac_cv_header_strings_h=yes
ac_cv_header_sys_stat_h=yes
ac_cv_header_sys_types_h=yes
ac_cv_header_unistd_h=yes
ac_cv_objext=o
ac_cv_path_EGREP='/bin/grep -E'
ac_cv_path_GREP=/bin/grep
ac_cv_path_install='/usr/bin/install -c'
ac_cv_path_mkdir=/bin/mkdir
ac_cv_prog_AWK=gawk
ac_cv_prog_CPP='gcc -E'
ac_cv_prog_ac_ct_CC=gcc
ac_cv_prog_ac_ct_CXX=g++
ac_cv_prog_c_openmp=-fopenmp
ac_cv_prog_cc_c89=
ac_cv_prog_cc_g=yes
ac_cv_prog_cxx_g=yes
ac_cv_prog_make_make_set=yes
ac_cv_type__Bool=yes
ac_cv_type_size_t=yes
am_cv_CC_dependencies_compiler_type=gcc3
am_cv_CXX_dependencies_compiler_type=gcc3

## ----------------- ##
## Output variables. ##
## ----------------- ##

ACLOCAL='${SHELL} /home/tlin/Downloads/cgsolver/missing --run aclocal-1.11'
AMDEPBACKSLASH='\'
AMDEP_FALSE='#'
AMDEP_TRUE=''
AMTAR='${SHELL} /home/tlin/Downloads/cgsolver/missing --run tar'
AUTOCONF='${SHELL} /home/tlin/Downloads/cgsolver/missing --run autoconf'
AUTOHEADER='${SHELL} /home/tlin/Downloads/cgsolver/missing --run autoheader'
AUTOMAKE='${SHELL} /home/tlin/Downloads/cgsolver/missing --run automake-1.11'
AWK='gawk'
CC='gcc'
CCDEPMODE='depmode=gcc3'
CFLAGS='-g -O2'
CPP='gcc -E'
CPPFLAGS=''
CXX='g++'
CXXDEPMODE='depmode=gcc3'
CXXFLAGS='-g -O2'
CYGPATH_W='echo'
DEFS='-DHAVE_CONFIG_H'
DEPDIR='.deps'
ECHO_C=''
ECHO_N='-n'
ECHO_T=''
EGREP='/bin/grep -E'
EXEEXT=''
GREP='/bin/grep'
INSTALL_DATA='${INSTALL} -m 644'
INSTALL_PROGRAM='${INSTALL}'
INSTALL_SCRIPT='${INSTALL}'
INSTALL_STRIP_PROGRAM='$(install_sh) -c -s'
LDFLAGS=''
LIBOBJS=''
LIBS=''
LTLIBOBJS=''
MAKEINFO='${SHELL} /home/tlin/Downloads/cgsolver/missing --run makeinfo'
MKDIR_P='/bin/mkdir -p'
OBJEXT='o'
OPENMP_CFLAGS='-fopenmp'
PACKAGE='gp'
PACKAGE_BUGREPORT='lintao87@gmail.com'
PACKAGE_NAME='GP'
PACKAGE_STRING='GP 1.0'
PACKAGE_TARNAME='gp'
PACKAGE_URL=''
PACKAGE_VERSION='1.0'
PATH_SEPARATOR=':'
SET_MAKE=''
SHELL='/bin/bash'
STRIP=''
VERSION='1.0'
ac_ct_CC='gcc'
ac_ct_CXX='g++'
am__EXEEXT_FALSE=''
am__EXEEXT_TRUE='#'
am__fastdepCC_FALSE='#'
am__fastdepCC_TRUE=''
am__fastdepCXX_FALSE='#'
am__fastdepCXX_TRUE=''
am__include='include'
am__isrc=''
am__leading_dot='.'
am__quote=''
am__tar='${AMTAR} chof - "$$tardir"'
am__untar='${AMTAR} xf -'
bindir='${exec_prefix}/bin'
build_alias=''
datadir='${datarootdir}'
datarootdir='${prefix}/share'
docdir='${datarootdir}/doc/${PACKAGE_TARNAME}'
dvidir='${docdir}'
exec_prefix='${prefix}'
host_alias=''
htmldir='${docdir}'
includedir='${prefix}/include'
infodir='${datarootdir}/info'
install_sh='${SHELL} /home/tlin/Downloads/cgsolver/install-sh'
libdir='${exec_prefix}/lib'
libexecdir='${exec_prefix}/libexec'
localedir='${datarootdir}/locale'
localstatedir='${prefix}/var'
mandir='${datarootdir}/man'
mkdir_p='/bin/mkdir -p'
oldincludedir='/usr/include'
pdfdir='${docdir}'
prefix='/usr/local'
program_transform_name='s,x,x,'
psdir='${docdir}'
sbindir='${exec_prefix}/sbin'
sharedstatedir='${prefix}/com'
sysconfdir='${prefix}/etc'
target_alias=''

## ----------- ##
## confdefs.h. ##
## ----------- ##

/* confdefs.h */
#define PACKAGE_NAME "GP"
#define PACKAGE_TARNAME "gp"
#define PACKAGE_VERSION "1.0"
#define PACKAGE_STRING "GP 1.0"
#define PACKAGE_BUGREPORT "lintao87@gmail.com"
#define PACKAGE_URL ""
#define PACKAGE "gp"
#define VERSION "1.0"
#define STDC_HEADERS 1
#define HAVE_SYS_TYPES_H 1
#define HAVE_SYS_STAT_H 1
#define HAVE_STDLIB_H 1
#define HAVE_STRING_H 1
#define HAVE_MEMORY_H 1
#define HAVE_STRINGS_H 1
#define HAVE_INTTYPES_H 1
#define HAVE_STDINT_H 1
#define HAVE_UNISTD_H 1
#define HAVE__BOOL 1
#define HAVE_STDBOOL_H 1

configure: exit 0
